[12-Mar-2017 13:30:40 UTC] error: 
Type: ErrorException
Message: Undefined variable: _current
Filename: /Users/dhtml/Sites/www/afrophp.com/sandbox/system/core/afrophp.php
Line number: 225

Backtrace:
File: /Users/dhtml/Sites/www/afrophp.com/sandbox/system/core/afrophp.php 
Line: 225 
Function: exception_error_handler 
File: /Users/dhtml/Sites/www/afrophp.com/sandbox/index.php 
Line: 111 
Function: run 

[12-Mar-2017 13:53:54 UTC] error: 
Type: ErrorException
Message: include(/Users/dhtml/Sites/www/afrophp.com/sandbox/system/core/my_model.php): failed to open stream: No such file or directory
Filename: /Users/dhtml/Sites/www/afrophp.com/sandbox/system/core/afrophp.php
Line number: 201

Backtrace:
File: /Users/dhtml/Sites/www/afrophp.com/sandbox/system/core/afrophp.php 
Line: 201 
Function: exception_error_handler 
File: /Users/dhtml/Sites/www/afrophp.com/sandbox/system/core/afrophp.php 
Line: 201 
Function: run 
File: /Users/dhtml/Sites/www/afrophp.com/sandbox/index.php 
Line: 111 
Function: run 

[12-Mar-2017 14:00:14 UTC] error: 
Type: ErrorException
Message: Only variable references should be returned by reference
Filename: /Users/dhtml/Sites/www/afrophp.com/sandbox/system/core/loader.php
Line number: 272

Backtrace:
File: /Users/dhtml/Sites/www/afrophp.com/sandbox/system/core/loader.php 
Line: 272 
Function: exception_error_handler 
File: /Users/dhtml/Sites/www/afrophp.com/sandbox/system/core/loader.php 
Line: 196 
Function: instantiate 
File: /Users/dhtml/Sites/www/afrophp.com/sandbox/system/plugins/cms/plugin.php 
Line: 5 
Function: library 
File: /Users/dhtml/Sites/www/afrophp.com/sandbox/system/core/loader.php 
Line: 558 
Function: include 
File: /Users/dhtml/Sites/www/afrophp.com/sandbox/system/core/loader.php 
Line: 494 
Function: plugin_init 
File: /Users/dhtml/Sites/www/afrophp.com/sandbox/system/core/loader.php 
Line: 463 
Function: plugin 
File: /Users/dhtml/Sites/www/afrophp.com/sandbox/system/core/loader.php 
Line: 428 
Function: parse_plugins 
File: /Users/dhtml/Sites/www/afrophp.com/sandbox/system/core/afrophp.php 
Line: 219 
Function: plugins 
File: /Users/dhtml/Sites/www/afrophp.com/sandbox/index.php 
Line: 111 
Function: run 

[12-Mar-2017 14:10:18 UTC] error: 
Type: ErrorException
Message: Cannot redeclare class System\Core\Router
Filename: /Users/dhtml/Sites/www/afrophp.com/sandbox/system/core/router.php
Line number: 255

Backtrace:
File: /Users/dhtml/Sites/www/afrophp.com/sandbox/system/core/exceptions.php 
Line: 102 
Function: exception_error_handler 

[12-Mar-2017 14:11:06 UTC] error: 
Type: ErrorException
Message: Undefined variable: directory
Filename: /Users/dhtml/Sites/www/afrophp.com/sandbox/system/core/common.php
Line number: 63

Backtrace:
File: /Users/dhtml/Sites/www/afrophp.com/sandbox/system/core/common.php 
Line: 63 
Function: exception_error_handler 
File: /Users/dhtml/Sites/www/afrophp.com/sandbox/system/core/afrophp.php 
Line: 209 
Function: load_class 
File: /Users/dhtml/Sites/www/afrophp.com/sandbox/index.php 
Line: 111 
Function: run 

[12-Mar-2017 14:13:44 UTC] error: 
Type: ErrorException
Message: Argument 1 passed to Smarty_Internal_Method_RegisterPlugin::registerPlugin() must be an instance of Smarty_Internal_TemplateBase, instance of Smarty_Internal_Data given
Filename: /Users/dhtml/Sites/www/afrophp.com/sandbox/system/3rdparty/vendor/smarty/smarty/libs/sysplugins/smarty_internal_method_registerplugin.php
Line number: 38

Backtrace:
File: /Users/dhtml/Sites/www/afrophp.com/sandbox/system/3rdparty/vendor/smarty/smarty/libs/sysplugins/smarty_internal_method_registerplugin.php 
Line: 38 
Function: exception_error_handler 
File: /Users/dhtml/Sites/www/afrophp.com/sandbox/system/3rdparty/vendor/smarty/smarty/libs/sysplugins/smarty_internal_extension_handler.php 
Line: 103 
Function: call_user_func_array 
File: /Users/dhtml/Sites/www/afrophp.com/sandbox/system/3rdparty/vendor/smarty/smarty/libs/sysplugins/smarty_internal_data.php 
Line: 283 
Function: _callExternalMethod 
File: /Users/dhtml/Sites/www/afrophp.com/sandbox/system/plugins/base/bool/text.func.php 
Line: 4 
Function: __call 
File: /Users/dhtml/Sites/www/afrophp.com/sandbox/system/plugins/base/bool/text.func.php 
Line: 4 
Function: registerPlugin 
File: /Users/dhtml/Sites/www/afrophp.com/sandbox/system/core/loader.php 
Line: 551 
Function: include 
File: /Users/dhtml/Sites/www/afrophp.com/sandbox/system/core/loader.php 
Line: 504 
Function: plugin_init 
File: /Users/dhtml/Sites/www/afrophp.com/sandbox/system/core/loader.php 
Line: 473 
Function: plugin 
File: /Users/dhtml/Sites/www/afrophp.com/sandbox/system/core/loader.php 
Line: 438 
Function: parse_plugins 
File: /Users/dhtml/Sites/www/afrophp.com/sandbox/system/core/afrophp.php 
Line: 212 
Function: plugins 
File: /Users/dhtml/Sites/www/afrophp.com/sandbox/index.php 
Line: 111 
Function: run 

[12-Mar-2017 14:14:52 UTC] error: 
Type: ErrorException
Message: Argument 1 passed to Smarty_Internal_Method_RegisterPlugin::registerPlugin() must be an instance of Smarty_Internal_TemplateBase, instance of Smarty_Internal_Data given
Filename: /Users/dhtml/Sites/www/afrophp.com/sandbox/system/3rdparty/vendor/smarty/smarty/libs/sysplugins/smarty_internal_method_registerplugin.php
Line number: 38

Backtrace:
File: /Users/dhtml/Sites/www/afrophp.com/sandbox/system/3rdparty/vendor/smarty/smarty/libs/sysplugins/smarty_internal_method_registerplugin.php 
Line: 38 
Function: exception_error_handler 
File: /Users/dhtml/Sites/www/afrophp.com/sandbox/system/3rdparty/vendor/smarty/smarty/libs/sysplugins/smarty_internal_extension_handler.php 
Line: 103 
Function: call_user_func_array 
File: /Users/dhtml/Sites/www/afrophp.com/sandbox/system/3rdparty/vendor/smarty/smarty/libs/sysplugins/smarty_internal_data.php 
Line: 283 
Function: _callExternalMethod 
File: /Users/dhtml/Sites/www/afrophp.com/sandbox/system/plugins/base/bool/text.func.php 
Line: 4 
Function: __call 
File: /Users/dhtml/Sites/www/afrophp.com/sandbox/system/plugins/base/bool/text.func.php 
Line: 4 
Function: registerPlugin 
File: /Users/dhtml/Sites/www/afrophp.com/sandbox/system/core/loader.php 
Line: 551 
Function: include 
File: /Users/dhtml/Sites/www/afrophp.com/sandbox/system/core/loader.php 
Line: 504 
Function: plugin_init 
File: /Users/dhtml/Sites/www/afrophp.com/sandbox/system/core/loader.php 
Line: 473 
Function: plugin 
File: /Users/dhtml/Sites/www/afrophp.com/sandbox/system/core/loader.php 
Line: 438 
Function: parse_plugins 
File: /Users/dhtml/Sites/www/afrophp.com/sandbox/system/core/afrophp.php 
Line: 214 
Function: plugins 
File: /Users/dhtml/Sites/www/afrophp.com/sandbox/index.php 
Line: 111 
Function: run 

